<?xml version="1.0" encoding="UTF-8"?>
<!-- Generated by org.testng.reporters.JUnitReportReporter -->
<testsuite skipped="0" hostname="LAPTOP-3M5A5R3N" name="com.rally.automation.ReportPageTest" tests="3" failures="0" timestamp="09 Feb 2019 03:10:38 GMT" time="14.006" errors="0">
  <testcase name="isMenubuttonClicked" time="1.259" classname="com.rally.automation.ReportPageTest"/>
  <testcase name="verifyReportbuttonIsclicked" time="2.623" classname="com.rally.automation.ReportPageTest"/>
  <testcase name="isAddButtonDisplayed" time="10.124" classname="com.rally.automation.ReportPageTest"/>
</testsuite> <!-- com.rally.automation.ReportPageTest -->
